# JRE version: OpenJDK Runtime Environment (26.0+35) (build 26+35-2893)
# Java VM: OpenJDK 64-Bit Server VM (26+35-2893, mixed mode, sharing, tiered, compressed oops, compressed class ptrs, g1 gc, windows-amd64)
GC Precious Log:
 CardTable entry size: 512
 Card Set container configuration: InlinePtr #cards 4 size 8 Array Of Cards #cards 16 size 48 Howl #buckets 8 coarsen threshold 3686 Howl Bitmap #cards 512 size 80 coarsen threshold 460 Card regions per heap region 1 cards per card region 4096
 CPUs: 12 total, 12 available
 Memory: 15775M
 Large Page Support: Disabled
 NUMA Support: Disabled
 Compressed Oops: Enabled (Zero based)
 Heap Region Size: 2M
 Heap Min Capacity: 8M
 Heap Initial Capacity: 8M
 Heap Max Capacity: 3944M
 Pre-touch: Disabled
 Parallel Workers: 10
 Concurrent Workers: 3
 Concurrent Refinement Workers: 10
 Periodic GC: Disabled
Heap:
 garbage-first heap   total reserved 4038656K, committed 184320K, used 103156K [0x0000000709800000, 0x0000000800000000)
  region size 2M, 30 eden (60M), 7 survivor (14M), 16 old (32M), 0 humongous (0M), 37 free (74M)
GC Heap Usage History (20 events):
Event: 1.835 {heap Before GC invocations=12 (full 0):
 garbage-first heap   total reserved 4038656K, committed 61440K, used 44120K [0x0000000709800000, 0x0000000800000000)
  region size 2M, 15 eden (30M), 2 survivor (4M), 6 old (12M), 0 humongous (0M), 7 free (14M)
}
Event: 1.840 {heap After GC invocations=13 (full 0):
 garbage-first heap   total reserved 4038656K, committed 61440K, used 14949K [0x0000000709800000, 0x0000000800000000)
  region size 2M, 0 eden (0M), 3 survivor (6M), 6 old (12M), 0 humongous (0M), 21 free (42M)
}
Event: 2.117 {heap Before GC invocations=13 (full 0):
 garbage-first heap   total reserved 4038656K, committed 61440K, used 45669K [0x0000000709800000, 0x0000000800000000)
  region size 2M, 15 eden (30M), 3 survivor (6M), 6 old (12M), 0 humongous (0M), 6 free (12M)
}
Event: 2.123 {heap After GC invocations=14 (full 0):
 garbage-first heap   total reserved 4038656K, committed 61440K, used 16875K [0x0000000709800000, 0x0000000800000000)
  region size 2M, 0 eden (0M), 3 survivor (6M), 6 old (12M), 0 humongous (0M), 21 free (42M)
}
Event: 2.376 {heap Before GC invocations=14 (full 0):
 garbage-first heap   total reserved 4038656K, committed 61440K, used 47595K [0x0000000709800000, 0x0000000800000000)
  region size 2M, 15 eden (30M), 3 survivor (6M), 6 old (12M), 0 humongous (0M), 6 free (12M)
}
Event: 2.382 {heap After GC invocations=15 (full 0):
 garbage-first heap   total reserved 4038656K, committed 61440K, used 17764K [0x0000000709800000, 0x0000000800000000)
  region size 2M, 0 eden (0M), 2 survivor (4M), 8 old (16M), 0 humongous (0M), 20 free (40M)
}
Event: 2.579 {heap Before GC invocations=15 (full 0):
 garbage-first heap   total reserved 4038656K, committed 61440K, used 48484K [0x0000000709800000, 0x0000000800000000)
  region size 2M, 15 eden (30M), 2 survivor (4M), 8 old (16M), 0 humongous (0M), 5 free (10M)
}
Event: 2.584 {heap After GC invocations=16 (full 0):
 garbage-first heap   total reserved 4038656K, committed 61440K, used 19843K [0x0000000709800000, 0x0000000800000000)
  region size 2M, 0 eden (0M), 3 survivor (6M), 8 old (16M), 0 humongous (0M), 19 free (38M)
}
Event: 2.912 {heap Before GC invocations=16 (full 0):
 garbage-first heap   total reserved 4038656K, committed 61440K, used 50563K [0x0000000709800000, 0x0000000800000000)
  region size 2M, 15 eden (30M), 3 survivor (6M), 8 old (16M), 0 humongous (0M), 4 free (8M)
}
Event: 2.919 {heap After GC invocations=17 (full 0):
 garbage-first heap   total reserved 4038656K, committed 184320K, used 21475K [0x0000000709800000, 0x0000000800000000)
  region size 2M, 0 eden (0M), 2 survivor (4M), 9 old (18M), 0 humongous (0M), 79 free (158M)
}
Event: 3.764 {heap Before GC invocations=17 (full 0):
 garbage-first heap   total reserved 4038656K, committed 184320K, used 127971K [0x0000000709800000, 0x0000000800000000)
  region size 2M, 52 eden (104M), 2 survivor (4M), 9 old (18M), 0 humongous (0M), 27 free (54M)
}
Event: 3.770 {heap After GC invocations=18 (full 0):
 garbage-first heap   total reserved 4038656K, committed 184320K, used 25501K [0x0000000709800000, 0x0000000800000000)
  region size 2M, 0 eden (0M), 4 survivor (8M), 9 old (18M), 0 humongous (0M), 77 free (154M)
}
Event: 3.853 {heap Before GC invocations=18 (full 0):
 garbage-first heap   total reserved 4038656K, committed 184320K, used 50077K [0x0000000709800000, 0x0000000800000000)
  region size 2M, 13 eden (26M), 4 survivor (8M), 9 old (18M), 0 humongous (0M), 64 free (128M)
}
Event: 3.858 {heap After GC invocations=19 (full 0):
 garbage-first heap   total reserved 4038656K, committed 184320K, used 27346K [0x0000000709800000, 0x0000000800000000)
  region size 2M, 0 eden (0M), 4 survivor (8M), 10 old (20M), 0 humongous (0M), 76 free (152M)
}
Event: 4.196 {heap Before GC invocations=20 (full 0):
 garbage-first heap   total reserved 4038656K, committed 184320K, used 129746K [0x0000000709800000, 0x0000000800000000)
  region size 2M, 50 eden (100M), 4 survivor (8M), 10 old (20M), 0 humongous (0M), 26 free (52M)
}
Event: 4.204 {heap After GC invocations=21 (full 0):
 garbage-first heap   total reserved 4038656K, committed 184320K, used 31860K [0x0000000709800000, 0x0000000800000000)
  region size 2M, 0 eden (0M), 6 survivor (12M), 11 old (22M), 0 humongous (0M), 73 free (146M)
}
Event: 4.529 {heap Before GC invocations=21 (full 0):
 garbage-first heap   total reserved 4038656K, committed 184320K, used 128116K [0x0000000709800000, 0x0000000800000000)
  region size 2M, 48 eden (96M), 6 survivor (12M), 11 old (22M), 0 humongous (0M), 25 free (50M)
}
Event: 4.538 {heap After GC invocations=22 (full 0):
 garbage-first heap   total reserved 4038656K, committed 184320K, used 36864K [0x0000000709800000, 0x0000000800000000)
  region size 2M, 0 eden (0M), 6 survivor (12M), 12 old (24M), 0 humongous (0M), 72 free (144M)
}
Event: 4.902 {heap Before GC invocations=22 (full 0):
 garbage-first heap   total reserved 4038656K, committed 184320K, used 135168K [0x0000000709800000, 0x0000000800000000)
  region size 2M, 48 eden (96M), 6 survivor (12M), 12 old (24M), 0 humongous (0M), 24 free (48M)
}
Event: 4.912 {heap After GC invocations=23 (full 0):
 garbage-first heap   total reserved 4038656K, committed 184320K, used 45812K [0x0000000709800000, 0x0000000800000000)
  region size 2M, 0 eden (0M), 7 survivor (14M), 16 old (32M), 0 humongous (0M), 67 free (134M)
}

